[0m00:08:11.034373 [debug] [MainThread]: Sending event: {'category': 'dbt', 'action': 'invocation', 'label': 'start', 'context': [<snowplow_tracker.self_describing_json.SelfDescribingJson object at 0x0000019EA9E77E30>, <snowplow_tracker.self_describing_json.SelfDescribingJson object at 0x0000019EAB9C93D0>, <snowplow_tracker.self_describing_json.SelfDescribingJson object at 0x0000019EA99BFD70>]}


============================== 00:08:11.166266 | 8d9721fb-6406-454b-8d60-dfc5d0067aca ==============================
[0m00:08:11.166266 [info ] [MainThread]: Running with dbt=1.11.11
[0m00:08:11.166266 [debug] [MainThread]: running dbt with arguments {'version_check': 'True', 'no_print': 'None', 'static_parser': 'True', 'warn_error_options': 'WarnErrorOptionsV2(error=[], warn=[], silence=[])', 'target_path': 'None', 'printer_width': '80', 'write_json': 'True', 'empty': 'None', 'log_cache_events': 'False', 'introspect': 'True', 'cache_selected_only': 'False', 'fail_fast': 'False', 'debug': 'False', 'log_format': 'default', 'profiles_dir': 'C:\\Users\\navne\\.dbt', 'send_anonymous_usage_stats': 'True', 'quiet': 'False', 'warn_error': 'None', 'partial_parse': 'True', 'indirect_selection': 'eager', 'use_colors': 'True', 'invocation_command': 'dbt init', 'use_experimental_parser': 'False', 'log_path': 'logs'}
[0m00:08:42.431018 [debug] [MainThread]: Starter project path: D:\Data Engineering\Projects\Retail Data Pipeline\new_retail_pro\.venv\Lib\site-packages\dbt\include\starter_project
[0m00:08:42.450841 [info ] [MainThread]: 
Your new dbt project "retail_data_pipeline" was created!

For more information on how to configure the profiles.yml file,
please consult the dbt documentation here:

  https://docs.getdbt.com/docs/configure-your-profile

One more thing:

Need help? Don't hesitate to reach out to us via GitHub issues or on Slack:

  https://community.getdbt.com/

Happy modeling!

[0m00:08:42.453313 [info ] [MainThread]: Setting up your profile.
[0m00:09:23.786792 [debug] [MainThread]: Snowflake adapter: Setting snowflake.connector to ERROR (file logging only)
[0m00:09:23.786792 [debug] [MainThread]: Snowflake adapter: Setting botocore to ERROR (file logging only)
[0m00:09:23.786792 [debug] [MainThread]: Snowflake adapter: Setting boto3 to ERROR (file logging only)
[0m00:11:46.935692 [info ] [MainThread]: Profile retail_data_pipeline written to C:\Users\navne\.dbt\profiles.yml using target's profile_template.yml and your supplied values. Run 'dbt debug' to validate the connection.
[0m00:11:46.941753 [debug] [MainThread]: Command `dbt init` succeeded at 00:11:46.935692 after 216.00 seconds
[0m00:11:46.942284 [debug] [MainThread]: Sending event: {'category': 'dbt', 'action': 'invocation', 'label': 'end', 'context': [<snowplow_tracker.self_describing_json.SelfDescribingJson object at 0x0000019EAC756EA0>, <snowplow_tracker.self_describing_json.SelfDescribingJson object at 0x0000019EADD03A40>, <snowplow_tracker.self_describing_json.SelfDescribingJson object at 0x0000019EAA0438F0>]}
[0m00:11:46.942284 [debug] [MainThread]: Flushing usage events
[0m00:11:48.071257 [debug] [MainThread]: An error was encountered while trying to flush usage events
[0m00:13:08.910737 [debug] [MainThread]: Sending event: {'category': 'dbt', 'action': 'invocation', 'label': 'start', 'context': [<snowplow_tracker.self_describing_json.SelfDescribingJson object at 0x0000013E0F48D730>, <snowplow_tracker.self_describing_json.SelfDescribingJson object at 0x0000013E12D98140>, <snowplow_tracker.self_describing_json.SelfDescribingJson object at 0x0000013E12C17260>]}


============================== 00:13:08.939114 | fd1f5fb2-c70c-47be-b483-16bb7f979263 ==============================
[0m00:13:08.939114 [info ] [MainThread]: Running with dbt=1.11.11
[0m00:13:08.939114 [debug] [MainThread]: running dbt with arguments {'static_parser': 'True', 'no_print': 'None', 'version_check': 'True', 'target_path': 'None', 'warn_error_options': 'WarnErrorOptionsV2(error=[], warn=[], silence=[])', 'printer_width': '80', 'write_json': 'True', 'introspect': 'True', 'log_cache_events': 'False', 'empty': 'None', 'cache_selected_only': 'False', 'log_format': 'default', 'debug': 'False', 'fail_fast': 'False', 'profiles_dir': 'C:\\Users\\navne\\.dbt', 'send_anonymous_usage_stats': 'True', 'quiet': 'False', 'warn_error': 'None', 'partial_parse': 'True', 'invocation_command': 'dbt debug', 'indirect_selection': 'eager', 'use_colors': 'True', 'use_experimental_parser': 'False', 'log_path': 'logs'}
[0m00:13:09.000091 [info ] [MainThread]: dbt version: 1.11.11
[0m00:13:09.002099 [info ] [MainThread]: python version: 3.12.9
[0m00:13:09.002099 [info ] [MainThread]: python path: D:\Data Engineering\Projects\Retail Data Pipeline\new_retail_pro\.venv\Scripts\python.exe
[0m00:13:09.002099 [info ] [MainThread]: os info: Windows-11-10.0.26200-SP0
[0m00:13:09.332429 [debug] [MainThread]: Snowflake adapter: Setting snowflake.connector to ERROR (file logging only)
[0m00:13:09.332429 [debug] [MainThread]: Snowflake adapter: Setting botocore to ERROR (file logging only)
[0m00:13:09.332429 [debug] [MainThread]: Snowflake adapter: Setting boto3 to ERROR (file logging only)
[0m00:13:09.428043 [info ] [MainThread]: Error importing adapter: No module named 'dbt.adapters.databricks'
[0m00:13:09.443863 [info ] [MainThread]: Using profiles dir at C:\Users\navne\.dbt
[0m00:13:09.444910 [info ] [MainThread]: Using profiles.yml file at C:\Users\navne\.dbt\profiles.yml
[0m00:13:09.444910 [info ] [MainThread]: Using dbt_project.yml file at D:\Data Engineering\Projects\Retail Data Pipeline\new_retail_pro\dbt_project.yml
[0m00:13:09.444910 [info ] [MainThread]: Configuration:
[0m00:13:09.444910 [info ] [MainThread]:   profiles.yml file [[31mERROR invalid[0m]
[0m00:13:09.444910 [info ] [MainThread]:   dbt_project.yml file [[31mERROR not found[0m]
[0m00:13:09.444910 [info ] [MainThread]: Required dependencies:
[0m00:13:09.444910 [debug] [MainThread]: Executing "git --help"
[0m00:13:09.478232 [debug] [MainThread]: STDOUT: "b"usage: git [-v | --version] [-h | --help] [-C <path>] [-c <name>=<value>]\n           [--exec-path[=<path>]] [--html-path] [--man-path] [--info-path]\n           [-p | --paginate | -P | --no-pager] [--no-replace-objects] [--no-lazy-fetch]\n           [--no-optional-locks] [--no-advice] [--bare] [--git-dir=<path>]\n           [--work-tree=<path>] [--namespace=<name>] [--config-env=<name>=<envvar>]\n           <command> [<args>]\n\nThese are common Git commands used in various situations:\n\nstart a working area (see also: git help tutorial)\n   clone      Clone a repository into a new directory\n   init       Create an empty Git repository or reinitialize an existing one\n\nwork on the current change (see also: git help everyday)\n   add        Add file contents to the index\n   mv         Move or rename a file, a directory, or a symlink\n   restore    Restore working tree files\n   rm         Remove files from the working tree and from the index\n\nexamine the history and state (see also: git help revisions)\n   bisect     Use binary search to find the commit that introduced a bug\n   diff       Show changes between commits, commit and working tree, etc\n   grep       Print lines matching a pattern\n   log        Show commit logs\n   show       Show various types of objects\n   status     Show the working tree status\n\ngrow, mark and tweak your common history\n   backfill   Download missing objects in a partial clone\n   branch     List, create, or delete branches\n   commit     Record changes to the repository\n   history    EXPERIMENTAL: Rewrite history\n   merge      Join two or more development histories together\n   rebase     Reapply commits on top of another base tip\n   reset      Set `HEAD` or the index to a known state\n   switch     Switch branches\n   tag        Create, list, delete or verify tags\n\ncollaborate (see also: git help workflows)\n   fetch      Download objects and refs from another repository\n   pull       Fetch from and integrate with another repository or a local branch\n   push       Update remote refs along with associated objects\n\n'git help -a' and 'git help -g' list available subcommands and some\nconcept guides. See 'git help <command>' or 'git help <concept>'\nto read about a specific subcommand or concept.\nSee 'git help git' for an overview of the system.\n""
[0m00:13:09.479235 [debug] [MainThread]: STDERR: "b''"
[0m00:13:09.479235 [info ] [MainThread]:  - git [[32mOK found[0m]

[0m00:13:09.479235 [info ] [MainThread]: Connection test skipped since no profile was found
[0m00:13:09.480237 [info ] [MainThread]: [31m2 checks failed:[0m
[0m00:13:09.480237 [info ] [MainThread]: Could not load dbt_project.yml
Profile loading failed for the following reason:
Runtime Error
  Credentials in profile "navneet_dbt_yt", target "dev" invalid: Runtime Error
    Could not find adapter type databricks!


[0m00:13:09.480237 [info ] [MainThread]: Project loading failed for the following reason:
 project path <D:\Data Engineering\Projects\Retail Data Pipeline\new_retail_pro\dbt_project.yml> not found

[0m00:13:09.481237 [debug] [MainThread]: Command `dbt debug` failed at 00:13:09.481237 after 0.67 seconds
[0m00:13:09.482235 [debug] [MainThread]: Sending event: {'category': 'dbt', 'action': 'invocation', 'label': 'end', 'context': [<snowplow_tracker.self_describing_json.SelfDescribingJson object at 0x0000013E125866C0>, <snowplow_tracker.self_describing_json.SelfDescribingJson object at 0x0000013E152F3E00>, <snowplow_tracker.self_describing_json.SelfDescribingJson object at 0x0000013E14C115E0>]}
[0m00:13:09.482235 [debug] [MainThread]: Flushing usage events
[0m00:13:10.582170 [debug] [MainThread]: An error was encountered while trying to flush usage events
